CRITICAL - 2024-09-26 20:10:00 --> ParseError: syntax error, unexpected identifier "s", expecting "]"
[Method: GET, Route: /]
in APPPATH/Language/en/home.php on line 10.
 1 SYSTEMPATH/Language/Language.php(258): CodeIgniter\Language\Language->requireFile('Language/en/home.php')
 2 SYSTEMPATH/Language/Language.php(168): CodeIgniter\Language\Language->load('home', 'en')
 3 SYSTEMPATH/Language/Language.php(103): CodeIgniter\Language\Language->parseLine('menu.english', 'en')
 4 SYSTEMPATH/Common.php(746): CodeIgniter\Language\Language->getLine('home.menu.english', [])
 5 APPPATH/Views/home.php(114): lang('home.menu.english')
 6 SYSTEMPATH/View/View.php(234): include('/var/www/html/sistema-contador/app/Views/home.php')
 7 SYSTEMPATH/View/View.php(237): CodeIgniter\View\View->CodeIgniter\View\{closure}()
 8 SYSTEMPATH/Common.php(1171): CodeIgniter\View\View->render('home', [], true)
 9 APPPATH/Controllers/Home.php(10): view('home')
10 SYSTEMPATH/CodeIgniter.php(933): App\Controllers\Home->index()
11 SYSTEMPATH/CodeIgniter.php(509): CodeIgniter\CodeIgniter->runController(Object(App\Controllers\Home))
12 SYSTEMPATH/CodeIgniter.php(355): CodeIgniter\CodeIgniter->handleRequest(null, Object(Config\Cache), false)
13 SYSTEMPATH/Boot.php(325): CodeIgniter\CodeIgniter->run()
14 SYSTEMPATH/Boot.php(67): CodeIgniter\Boot::runCodeIgniter(Object(CodeIgniter\CodeIgniter))
15 FCPATH/index.php(56): CodeIgniter\Boot::bootWeb(Object(Config\Paths))
CRITICAL - 2024-09-26 20:18:19 --> ParseError: syntax error, unexpected identifier "re", expecting "]"
[Method: GET, Route: /]
in APPPATH/Language/en/home.php on line 11.
 1 SYSTEMPATH/Language/Language.php(258): CodeIgniter\Language\Language->requireFile('Language/en/home.php')
 2 SYSTEMPATH/Language/Language.php(168): CodeIgniter\Language\Language->load('home', 'en')
 3 SYSTEMPATH/Language/Language.php(103): CodeIgniter\Language\Language->parseLine('menu.english', 'en')
 4 SYSTEMPATH/Common.php(746): CodeIgniter\Language\Language->getLine('home.menu.english', [])
 5 APPPATH/Views/home.php(114): lang('home.menu.english')
 6 SYSTEMPATH/View/View.php(234): include('/var/www/html/sistema-contador/app/Views/home.php')
 7 SYSTEMPATH/View/View.php(237): CodeIgniter\View\View->CodeIgniter\View\{closure}()
 8 SYSTEMPATH/Common.php(1171): CodeIgniter\View\View->render('home', [], true)
 9 APPPATH/Controllers/Home.php(10): view('home')
10 SYSTEMPATH/CodeIgniter.php(933): App\Controllers\Home->index()
11 SYSTEMPATH/CodeIgniter.php(509): CodeIgniter\CodeIgniter->runController(Object(App\Controllers\Home))
12 SYSTEMPATH/CodeIgniter.php(355): CodeIgniter\CodeIgniter->handleRequest(null, Object(Config\Cache), false)
13 SYSTEMPATH/Boot.php(325): CodeIgniter\CodeIgniter->run()
14 SYSTEMPATH/Boot.php(67): CodeIgniter\Boot::runCodeIgniter(Object(CodeIgniter\CodeIgniter))
15 FCPATH/index.php(56): CodeIgniter\Boot::bootWeb(Object(Config\Paths))
CRITICAL - 2024-09-26 20:21:25 --> ErrorException: Undefined variable $locale
[Method: GET, Route: /]
in APPPATH/Controllers/Home.php on line 9.
 1 APPPATH/Controllers/Home.php(9): CodeIgniter\Debug\Exceptions->errorHandler(2, 'Undefined variable $locale', '/var/www/html/sistema-contador/app/Controllers/Home.php', 9)
 2 SYSTEMPATH/CodeIgniter.php(933): App\Controllers\Home->index()
 3 SYSTEMPATH/CodeIgniter.php(509): CodeIgniter\CodeIgniter->runController(Object(App\Controllers\Home))
 4 SYSTEMPATH/CodeIgniter.php(355): CodeIgniter\CodeIgniter->handleRequest(null, Object(Config\Cache), false)
 5 SYSTEMPATH/Boot.php(325): CodeIgniter\CodeIgniter->run()
 6 SYSTEMPATH/Boot.php(67): CodeIgniter\Boot::runCodeIgniter(Object(CodeIgniter\CodeIgniter))
 7 FCPATH/index.php(56): CodeIgniter\Boot::bootWeb(Object(Config\Paths))
CRITICAL - 2024-09-26 21:32:09 --> ParseError: syntax error, unexpected double-quoted string "trusted", expecting "]"
[Method: GET, Route: /]
in APPPATH/Language/en/home.php on line 16.
 1 SYSTEMPATH/Language/Language.php(258): CodeIgniter\Language\Language->requireFile('Language/en/home.php')
 2 SYSTEMPATH/Language/Language.php(168): CodeIgniter\Language\Language->load('home', 'en')
 3 SYSTEMPATH/Language/Language.php(103): CodeIgniter\Language\Language->parseLine('menu.english', 'en')
 4 SYSTEMPATH/Common.php(746): CodeIgniter\Language\Language->getLine('home.menu.english', [])
 5 APPPATH/Views/home.php(116): lang('home.menu.english')
 6 SYSTEMPATH/View/View.php(234): include('/var/www/html/sistema-contador/app/Views/home.php')
 7 SYSTEMPATH/View/View.php(237): CodeIgniter\View\View->CodeIgniter\View\{closure}()
 8 SYSTEMPATH/Common.php(1171): CodeIgniter\View\View->render('home', [], true)
 9 APPPATH/Controllers/Home.php(11): view('home')
10 SYSTEMPATH/CodeIgniter.php(933): App\Controllers\Home->index()
11 SYSTEMPATH/CodeIgniter.php(509): CodeIgniter\CodeIgniter->runController(Object(App\Controllers\Home))
12 SYSTEMPATH/CodeIgniter.php(355): CodeIgniter\CodeIgniter->handleRequest(null, Object(Config\Cache), false)
13 SYSTEMPATH/Boot.php(325): CodeIgniter\CodeIgniter->run()
14 SYSTEMPATH/Boot.php(67): CodeIgniter\Boot::runCodeIgniter(Object(CodeIgniter\CodeIgniter))
15 FCPATH/index.php(56): CodeIgniter\Boot::bootWeb(Object(Config\Paths))
